<?xml version="1.0" encoding="UTF-8"?>
<!-- Generated by org.testng.reporters.JUnitReportReporter -->
<testsuite hostname="DESKTOP-G8HSDBH" failures="0" tests="1" name="com.medicare.testscripts.TestRunner" time="0.231" errors="1" timestamp="2023-03-22T18:36:35 IST" skipped="0">
  <testcase classname="com.medicare.testscripts.TestRunner" name="setUpClass" time="0.231">
    <error message="Failed to parse resource at: file:///C:/Users/Ruchi/eclipse-workspace/MedicareWithCucumber/Features/fill_SignUp_form.feature
(1:1): expected: #EOF, #Language, #TagLine, #FeatureLine, #Comment, #Empty, got &#039;Features: Fill SighUp form on Medicare Website&#039;
(4:1): expected: #TagLine, #FeatureLine, #Comment, #Empty, got &#039;Scenario: A user is able to fill sign up form and successfully able to register&#039;
(5:1): expected: #TagLine, #FeatureLine, #Comment, #Empty, got &#039;Given A user is on the landing Page&#039;
(6:1): expected: #TagLine, #FeatureLine, #Comment, #Empty, got &#039;And  he clicks on the SignUp link&#039;
(7:1): expected: #TagLine, #FeatureLine, #Comment, #Empty, got &#039;And he enters first name in the first name text box&#039;
(8:1): expected: #TagLine, #FeatureLine, #Comment, #Empty, got &#039;And he enters last name in the last name text box&#039;
(9:1): expected: #TagLine, #FeatureLine, #Comment, #Empty, got &#039;And he enters email in the email text box&#039;
(10:1): expected: #TagLine, #FeatureLine, #Comment, #Empty, got &#039;And he enters contact number in the contact number text box&#039;
(11:1): expected: #TagLine, #FeatureLine, #Comment, #Empty, got &#039;And he enters password in the password text box&#039;
(12:1): expected: #TagLine, #FeatureLine, #Comment, #Empty, got &#039;And he reenters password in the  confirm password text box&#039;
(13:1): expected: #TagLine, #FeatureLine, #Comment, #Empty, got &#039;Then he clicks on the next billing button&#039;" type="io.cucumber.core.gherkin.FeatureParserException">
      <![CDATA[io.cucumber.core.gherkin.FeatureParserException: Failed to parse resource at: file:///C:/Users/Ruchi/eclipse-workspace/MedicareWithCucumber/Features/fill_SignUp_form.feature
(1:1): expected: #EOF, #Language, #TagLine, #FeatureLine, #Comment, #Empty, got 'Features: Fill SighUp form on Medicare Website'
(4:1): expected: #TagLine, #FeatureLine, #Comment, #Empty, got 'Scenario: A user is able to fill sign up form and successfully able to register'
(5:1): expected: #TagLine, #FeatureLine, #Comment, #Empty, got 'Given A user is on the landing Page'
(6:1): expected: #TagLine, #FeatureLine, #Comment, #Empty, got 'And  he clicks on the SignUp link'
(7:1): expected: #TagLine, #FeatureLine, #Comment, #Empty, got 'And he enters first name in the first name text box'
(8:1): expected: #TagLine, #FeatureLine, #Comment, #Empty, got 'And he enters last name in the last name text box'
(9:1): expected: #TagLine, #FeatureLine, #Comment, #Empty, got 'And he enters email in the email text box'
(10:1): expected: #TagLine, #FeatureLine, #Comment, #Empty, got 'And he enters contact number in the contact number text box'
(11:1): expected: #TagLine, #FeatureLine, #Comment, #Empty, got 'And he enters password in the password text box'
(12:1): expected: #TagLine, #FeatureLine, #Comment, #Empty, got 'And he reenters password in the  confirm password text box'
(13:1): expected: #TagLine, #FeatureLine, #Comment, #Empty, got 'Then he clicks on the next billing button'
at io.cucumber.core.gherkin.messages.GherkinMessagesFeatureParser.parse(GherkinMessagesFeatureParser.java:53)
at io.cucumber.core.feature.FeatureParser.parseResource(FeatureParser.java:45)
at java.base/java.util.function.BiFunction.lambda$andThen$0(BiFunction.java:70)
at io.cucumber.core.resource.ResourceScanner.lambda$processResource$1(ResourceScanner.java:79)
at io.cucumber.core.resource.PathScanner$ResourceFileVisitor.visitFile(PathScanner.java:75)
at io.cucumber.core.resource.PathScanner$ResourceFileVisitor.visitFile(PathScanner.java:60)
at java.base/java.nio.file.Files.walkFileTree(Files.java:2812)
at io.cucumber.core.resource.PathScanner.findResourcesForPath(PathScanner.java:53)
at io.cucumber.core.resource.PathScanner.findResourcesForUri(PathScanner.java:31)
at io.cucumber.core.resource.ResourceScanner.findResourcesForUri(ResourceScanner.java:61)
at io.cucumber.core.resource.ResourceScanner.scanForResourcesUri(ResourceScanner.java:134)
at io.cucumber.core.runtime.FeaturePathFeatureSupplier.loadFeatures(FeaturePathFeatureSupplier.java:62)
at io.cucumber.core.runtime.FeaturePathFeatureSupplier.get(FeaturePathFeatureSupplier.java:45)
at io.cucumber.testng.TestNGCucumberRunner.<init>(TestNGCucumberRunner.java:122)
at io.cucumber.testng.AbstractTestNGCucumberTests.setUpClass(AbstractTestNGCucumberTests.java:27)
at java.base/jdk.internal.reflect.DirectMethodHandleAccessor.invoke(DirectMethodHandleAccessor.java:104)
at java.base/java.lang.reflect.Method.invoke(Method.java:577)
at org.testng.internal.MethodInvocationHelper.invokeMethod(MethodInvocationHelper.java:133)
at org.testng.internal.MethodInvocationHelper.invokeMethodConsideringTimeout(MethodInvocationHelper.java:62)
at org.testng.internal.ConfigInvoker.invokeConfigurationMethod(ConfigInvoker.java:385)
at org.testng.internal.ConfigInvoker.invokeConfigurations(ConfigInvoker.java:321)
at org.testng.internal.TestMethodWorker.invokeBeforeClassMethods(TestMethodWorker.java:176)
at org.testng.internal.TestMethodWorker.run(TestMethodWorker.java:122)
at java.base/java.util.ArrayList.forEach(ArrayList.java:1511)
at org.testng.TestRunner.privateRun(TestRunner.java:794)
at org.testng.TestRunner.run(TestRunner.java:596)
at org.testng.SuiteRunner.runTest(SuiteRunner.java:377)
at org.testng.SuiteRunner.runSequentially(SuiteRunner.java:371)
at org.testng.SuiteRunner.privateRun(SuiteRunner.java:332)
at org.testng.SuiteRunner.run(SuiteRunner.java:276)
at org.testng.SuiteRunnerWorker.runSuite(SuiteRunnerWorker.java:53)
at org.testng.SuiteRunnerWorker.run(SuiteRunnerWorker.java:96)
at org.testng.TestNG.runSuitesSequentially(TestNG.java:1212)
at org.testng.TestNG.runSuitesLocally(TestNG.java:1134)
at org.testng.TestNG.runSuites(TestNG.java:1063)
at org.testng.TestNG.run(TestNG.java:1031)
at org.testng.remote.AbstractRemoteTestNG.run(AbstractRemoteTestNG.java:115)
at org.testng.remote.RemoteTestNG.initAndRun(RemoteTestNG.java:251)
at org.testng.remote.RemoteTestNG.main(RemoteTestNG.java:77)
]]>
    </error>
  </testcase> <!-- setUpClass -->
  <system-out/>
</testsuite> <!-- com.medicare.testscripts.TestRunner -->
